Arguments: 
  /Users/aA/.nvm/versions/node/v8.9.1/bin/node /Users/aA/.nvm/versions/node/v8.9.1/bin/yarn add @babel/core @babel/preset/env @babel/preset-react @babel/preset-typescript webpack webpack-cli webpack-dev-server babel-loader

PATH: 
  /Users/aA/.rvm/gems/ruby-2.0.0-p648/bin:/Users/aA/.rvm/gems/ruby-2.0.0-p648@global/bin:/Users/aA/.rvm/rubies/ruby-2.0.0-p648/bin:/Users/aA/.nvm/versions/node/v8.9.1/bin:/usr/bin:/bin:/usr/sbin:/sbin:/usr/local/bin:/Users/aA/.rvm/bin

Yarn version: 
  1.16.0

Node version: 
  8.9.1

Platform: 
  darwin x64

Trace: 
  Error: https://registry.npm.taobao.org/@babel%2fpreset/env: Request "https://registry.npm.taobao.org/@babel%2fpreset/env" returned a 405
      at Request.params.callback [as _callback] (/Users/aA/.nvm/versions/node/v8.9.1/lib/node_modules/yarn/lib/cli.js:66100:18)
      at Request.self.callback (/Users/aA/.nvm/versions/node/v8.9.1/lib/node_modules/yarn/lib/cli.js:129590:22)
      at emitTwo (events.js:126:13)
      at Request.emit (events.js:214:7)
      at Request.<anonymous> (/Users/aA/.nvm/versions/node/v8.9.1/lib/node_modules/yarn/lib/cli.js:130562:10)
      at emitOne (events.js:116:13)
      at Request.emit (events.js:211:7)
      at IncomingMessage.<anonymous> (/Users/aA/.nvm/versions/node/v8.9.1/lib/node_modules/yarn/lib/cli.js:130484:12)
      at Object.onceWrapper (events.js:313:30)
      at emitNone (events.js:111:20)

npm manifest: 
  {
    "name": "ts_re",
    "version": "1.0.0",
    "description": "react+ts+webpack",
    "main": "index.js",
    "scripts": {
      "start" : "webpack-dev-server --open",
      "build" : "webpack"
    },
    "keywords": [],
    "author": "",
    "license": "ISC",
    "dependencies": {
      "@types/node": "^12.7.5",
      "@types/react": "^16.9.2",
      "@types/react-dom": "^16.9.0",
      "react": "^16.9.0",
      "react-dom": "^16.9.0",
      "typescript": "^3.6.3"
    }
  }

yarn manifest: 
  No manifest

Lockfile: 
  # THIS IS AN AUTOGENERATED FILE. DO NOT EDIT THIS FILE DIRECTLY.
  # yarn lockfile v1
  
  
  "@types/node@^12.7.5":
    version "12.7.5"
    resolved "https://registry.npm.taobao.org/@types/node/download/@types/node-12.7.5.tgz#e19436e7f8e9b4601005d73673b6dc4784ffcc2f"
    integrity sha1-4ZQ25/jptGAQBdc2c7bcR4T/zC8=
  
  "@types/prop-types@*":
    version "15.7.2"
    resolved "https://registry.npm.taobao.org/@types/prop-types/download/@types/prop-types-15.7.2.tgz#0e58ae66773d7fd7c372a493aff740878ec9ceaa"
    integrity sha1-DliuZnc9f9fDcqSTr/dAh47Jzqo=
  
  "@types/react-dom@^16.9.0":
    version "16.9.0"
    resolved "https://registry.npm.taobao.org/@types/react-dom/download/@types/react-dom-16.9.0.tgz#ba6ddb00bf5de700b0eb91daa452081ffccbfdea"
    integrity sha1-um3bAL9d5wCw65HapFIIH/zL/eo=
    dependencies:
      "@types/react" "*"
  
  "@types/react@*", "@types/react@^16.9.2":
    version "16.9.2"
    resolved "https://registry.npm.taobao.org/@types/react/download/@types/react-16.9.2.tgz?cache=0&sync_timestamp=1567535698217&other_urls=https%3A%2F%2Fregistry.npm.taobao.org%2F%40types%2Freact%2Fdownload%2F%40types%2Freact-16.9.2.tgz#6d1765431a1ad1877979013906731aae373de268"
    integrity sha1-bRdlQxoa0Yd5eQE5BnMarjc94mg=
    dependencies:
      "@types/prop-types" "*"
      csstype "^2.2.0"
  
  csstype@^2.2.0:
    version "2.6.6"
    resolved "https://registry.npm.taobao.org/csstype/download/csstype-2.6.6.tgz?cache=0&other_urls=https%3A%2F%2Fregistry.npm.taobao.org%2Fcsstype%2Fdownload%2Fcsstype-2.6.6.tgz#c34f8226a94bbb10c32cc0d714afdf942291fc41"
    integrity sha1-w0+CJqlLuxDDLMDXFK/flCKR/EE=
  
  "js-tokens@^3.0.0 || ^4.0.0":
    version "4.0.0"
    resolved "https://registry.npm.taobao.org/js-tokens/download/js-tokens-4.0.0.tgz#19203fb59991df98e3a287050d4647cdeaf32499"
    integrity sha1-GSA/tZmR35jjoocFDUZHzerzJJk=
  
  loose-envify@^1.1.0, loose-envify@^1.4.0:
    version "1.4.0"
    resolved "https://registry.npm.taobao.org/loose-envify/download/loose-envify-1.4.0.tgz#71ee51fa7be4caec1a63839f7e682d8132d30caf"
    integrity sha1-ce5R+nvkyuwaY4OffmgtgTLTDK8=
    dependencies:
      js-tokens "^3.0.0 || ^4.0.0"
  
  object-assign@^4.1.1:
    version "4.1.1"
    resolved "https://registry.npm.taobao.org/object-assign/download/object-assign-4.1.1.tgz#2109adc7965887cfc05cbbd442cac8bfbb360863"
    integrity sha1-IQmtx5ZYh8/AXLvUQsrIv7s2CGM=
  
  prop-types@^15.6.2:
    version "15.7.2"
    resolved "https://registry.npm.taobao.org/prop-types/download/prop-types-15.7.2.tgz#52c41e75b8c87e72b9d9360e0206b99dcbffa6c5"
    integrity sha1-UsQedbjIfnK52TYOAga5ncv/psU=
    dependencies:
      loose-envify "^1.4.0"
      object-assign "^4.1.1"
      react-is "^16.8.1"
  
  react-dom@^16.9.0:
    version "16.9.0"
    resolved "https://registry.npm.taobao.org/react-dom/download/react-dom-16.9.0.tgz?cache=0&sync_timestamp=1568742267151&other_urls=https%3A%2F%2Fregistry.npm.taobao.org%2Freact-dom%2Fdownload%2Freact-dom-16.9.0.tgz#5e65527a5e26f22ae3701131bcccaee9fb0d3962"
    integrity sha1-XmVSel4m8irjcBExvMyu6fsNOWI=
    dependencies:
      loose-envify "^1.1.0"
      object-assign "^4.1.1"
      prop-types "^15.6.2"
      scheduler "^0.15.0"
  
  react-is@^16.8.1:
    version "16.9.0"
    resolved "https://registry.npm.taobao.org/react-is/download/react-is-16.9.0.tgz?cache=0&sync_timestamp=1568742277284&other_urls=https%3A%2F%2Fregistry.npm.taobao.org%2Freact-is%2Fdownload%2Freact-is-16.9.0.tgz#21ca9561399aad0ff1a7701c01683e8ca981edcb"
    integrity sha1-IcqVYTmarQ/xp3AcAWg+jKmB7cs=
  
  react@^16.9.0:
    version "16.9.0"
    resolved "https://registry.npm.taobao.org/react/download/react-16.9.0.tgz?cache=0&sync_timestamp=1568742262199&other_urls=https%3A%2F%2Fregistry.npm.taobao.org%2Freact%2Fdownload%2Freact-16.9.0.tgz#40ba2f9af13bc1a38d75dbf2f4359a5185c4f7aa"
    integrity sha1-QLovmvE7waONddvy9DWaUYXE96o=
    dependencies:
      loose-envify "^1.1.0"
      object-assign "^4.1.1"
      prop-types "^15.6.2"
  
  scheduler@^0.15.0:
    version "0.15.0"
    resolved "https://registry.npm.taobao.org/scheduler/download/scheduler-0.15.0.tgz?cache=0&other_urls=https%3A%2F%2Fregistry.npm.taobao.org%2Fscheduler%2Fdownload%2Fscheduler-0.15.0.tgz#6bfcf80ff850b280fed4aeecc6513bc0b4f17f8e"
    integrity sha1-a/z4D/hQsoD+1K7sxlE7wLTxf44=
    dependencies:
      loose-envify "^1.1.0"
      object-assign "^4.1.1"
  
  typescript@^3.6.3:
    version "3.6.3"
    resolved "https://registry.npm.taobao.org/typescript/download/typescript-3.6.3.tgz#fea942fabb20f7e1ca7164ff626f1a9f3f70b4da"
    integrity sha1-/qlC+rsg9+HKcWT/Ym8anz9wtNo=
